\BOOKMARK [0][-]{chapter.1}{\376\377\000a\000u\000t\000h\000o\000r\000:}{}% 1
\BOOKMARK [0][-]{chapter.2}{\376\377\000L\000I\000C\000E\000N\000S\000E\000:}{}% 2
\BOOKMARK [0][-]{chapter.3}{\376\377\000Z\000e\000p\000h\000y\000r\000\040\000f\000o\000r\000\040\000t\000h\000e\000\040\000p\000i\000n\000t\000i\000m\000e\000\040\000s\000m\000a\000r\000t\000w\000a\000t\000c\000h}{}% 3
\BOOKMARK [0][-]{chapter.4}{\376\377\000I\000n\000s\000t\000a\000l\000l\000\040\000z\000e\000p\000h\000y\000r}{}% 4
\BOOKMARK [1][-]{section.4.1}{\376\377\000I\000n\000\040\000c\000a\000s\000e\000\040\000y\000o\000u\000\040\000a\000l\000r\000e\000a\000d\000y\000\040\000h\000a\000v\000e\000\040\000z\000e\000p\000h\000y\000r\000\040\000i\000n\000s\000t\000a\000l\000l\000e\000d\000:}{chapter.4}% 5
\BOOKMARK [1][-]{section.4.2}{\376\377\000I\000n\000\040\000c\000a\000s\000e\000\040\000y\000o\000u\000\040\000s\000t\000a\000r\000t\000\040\000f\000r\000o\000m\000\040\000s\000c\000r\000a\000t\000c\000h\000\040\000:}{chapter.4}% 6
\BOOKMARK [0][-]{chapter.5}{\376\377\000z\000e\000p\000h\000y\000r\000\040\000o\000n\000\040\000t\000h\000e\000\040\000p\000i\000n\000e\000t\000i\000m\000e\000\040\000s\000m\000a\000r\000t\000w\000a\000t\000c\000h}{}% 7
\BOOKMARK [1][-]{section.5.1}{\376\377\000B\000l\000i\000n\000k\000y\000\040\000e\000x\000a\000m\000p\000l\000e}{chapter.5}% 8
\BOOKMARK [0][-]{chapter.6}{\376\377\000R\000e\000a\000d\000i\000n\000g\000\040\000o\000u\000t\000\040\000t\000h\000e\000\040\000b\000u\000t\000t\000o\000n\000\040\000o\000n\000\040\000t\000h\000e\000\040\000w\000a\000t\000c\000h}{}% 9
\BOOKMARK [1][-]{section.6.1}{\376\377\000B\000u\000i\000l\000d\000i\000n\000g\000\040\000a\000n\000d\000\040\000R\000u\000n\000n\000i\000n\000g}{chapter.6}% 10
\BOOKMARK [0][-]{chapter.7}{\376\377\000b\000l\000u\000e\000t\000o\000o\000t\000h\000\040\000\050\000B\000L\000E\000\051\000\040\000e\000x\000a\000m\000p\000l\000e}{}% 11
\BOOKMARK [1][-]{section.7.1}{\376\377\000E\000d\000d\000y\000\040\000S\000t\000o\000n\000e}{chapter.7}% 12
\BOOKMARK [1][-]{section.7.2}{\376\377\000B\000l\000e\000\040\000P\000e\000r\000i\000p\000h\000e\000r\000a\000l}{chapter.7}% 13
\BOOKMARK [1][-]{section.7.3}{\376\377\000u\000s\000i\000n\000g\000\040\000P\000y\000t\000h\000o\000n\000\040\000t\000o\000\040\000r\000e\000a\000d\000\040\000o\000u\000t\000\040\000b\000l\000u\000e\000t\000o\000o\000t\000h\000s\000e\000r\000v\000i\000c\000e\000s}{chapter.7}% 14
\BOOKMARK [0][-]{chapter.8}{\376\377\000s\000t\0007\0007\0008\0009\000\040\000d\000i\000s\000p\000l\000a\000y}{}% 15
\BOOKMARK [1][-]{section.8.1}{\376\377\000D\000i\000s\000p\000l\000a\000y\000\040\000e\000x\000a\000m\000p\000l\000e}{chapter.8}% 16
\BOOKMARK [0][-]{chapter.9}{\376\377\000G\000F\000X\000\040\000L\000i\000b\000r\000a\000r\000y\000\040\000S\000a\000m\000p\000l\000e}{}% 17
\BOOKMARK [1][-]{section.9.1}{\376\377\000O\000v\000e\000r\000v\000i\000e\000w}{chapter.9}% 18
\BOOKMARK [1][-]{section.9.2}{\376\377\000U\000s\000a\000g\000e}{chapter.9}% 19
\BOOKMARK [0][-]{chapter.10}{\376\377\000L\000i\000t\000t\000l\000e\000v\000G\000L\000\040\000B\000a\000s\000i\000c\000\040\000S\000a\000m\000p\000l\000e}{}% 20
\BOOKMARK [1][-]{section.10.1}{\376\377\000O\000v\000e\000r\000v\000i\000e\000w}{chapter.10}% 21
\BOOKMARK [1][-]{section.10.2}{\376\377\000R\000e\000q\000u\000i\000r\000e\000m\000e\000n\000t\000s}{chapter.10}% 22
\BOOKMARK [1][-]{section.10.3}{\376\377\000B\000u\000i\000l\000d\000i\000n\000g\000\040\000a\000n\000d\000\040\000R\000u\000n\000n\000i\000n\000g}{chapter.10}% 23
\BOOKMARK [1][-]{section.10.4}{\376\377\000T\000o\000d\000o}{chapter.10}% 24
\BOOKMARK [1][-]{section.10.5}{\376\377\000R\000e\000f\000e\000r\000e\000n\000c\000e\000s}{chapter.10}% 25
\BOOKMARK [0][-]{chapter.11}{\376\377\000L\000i\000t\000t\000l\000e\000v\000G\000L\000\040\000C\000l\000o\000c\000k\000\040\000S\000a\000m\000p\000l\000e}{}% 26
\BOOKMARK [1][-]{section.11.1}{\376\377\000O\000v\000e\000r\000v\000i\000e\000w}{chapter.11}% 27
\BOOKMARK [1][-]{section.11.2}{\376\377\000R\000e\000q\000u\000i\000r\000e\000m\000e\000n\000t\000s}{chapter.11}% 28
\BOOKMARK [1][-]{section.11.3}{\376\377\000B\000u\000i\000l\000d\000i\000n\000g\000\040\000a\000n\000d\000\040\000R\000u\000n\000n\000i\000n\000g}{chapter.11}% 29
\BOOKMARK [1][-]{section.11.4}{\376\377\000T\000o\000d\000o}{chapter.11}% 30
\BOOKMARK [1][-]{section.11.5}{\376\377\000R\000e\000f\000e\000r\000e\000n\000c\000e\000s}{chapter.11}% 31
\BOOKMARK [0][-]{chapter.12}{\376\377\000p\000l\000a\000c\000i\000n\000g\000\040\000a\000\040\000b\000u\000t\000t\000o\000n\000\040\000o\000n\000\040\000t\000h\000e\000\040\000s\000c\000r\000e\000e\000n}{}% 32
\BOOKMARK [1][-]{section.12.1}{\376\377\000B\000u\000i\000l\000d\000i\000n\000g\000\040\000a\000n\000d\000\040\000R\000u\000n\000n\000i\000n\000g}{chapter.12}% 33
\BOOKMARK [0][-]{chapter.13}{\376\377\000R\000e\000a\000l\000\040\000T\000i\000m\000e\000\040\000C\000l\000o\000c\000k}{}% 34
\BOOKMARK [1][-]{section.13.1}{\376\377\000O\000v\000e\000r\000v\000i\000e\000w}{chapter.13}% 35
\BOOKMARK [1][-]{section.13.2}{\376\377\000R\000e\000q\000u\000i\000r\000e\000m\000e\000n\000t\000s}{chapter.13}% 36
\BOOKMARK [1][-]{section.13.3}{\376\377\000B\000u\000i\000l\000d\000i\000n\000g\000\040\000a\000n\000d\000\040\000R\000u\000n\000n\000i\000n\000g}{chapter.13}% 37
\BOOKMARK [1][-]{section.13.4}{\376\377\000T\000o\000d\000o}{chapter.13}% 38
\BOOKMARK [1][-]{section.13.5}{\376\377\000R\000e\000f\000e\000r\000e\000n\000c\000e\000s}{chapter.13}% 39
\BOOKMARK [0][-]{chapter.14}{\376\377\000S\000e\000r\000i\000a\000l\000\040\000N\000o\000r\000\040\000F\000l\000a\000s\000h}{}% 40
\BOOKMARK [1][-]{section.14.1}{\376\377\000O\000v\000e\000r\000v\000i\000e\000w}{chapter.14}% 41
\BOOKMARK [1][-]{section.14.2}{\376\377\000R\000e\000q\000u\000i\000r\000e\000m\000e\000n\000t\000s}{chapter.14}% 42
\BOOKMARK [1][-]{section.14.3}{\376\377\000B\000u\000i\000l\000d\000i\000n\000g\000\040\000a\000n\000d\000\040\000R\000u\000n\000n\000i\000n\000g}{chapter.14}% 43
\BOOKMARK [1][-]{section.14.4}{\376\377\000T\000o\000d\000o}{chapter.14}% 44
\BOOKMARK [1][-]{section.14.5}{\376\377\000R\000e\000f\000e\000r\000e\000n\000c\000e\000s}{chapter.14}% 45
\BOOKMARK [0][-]{chapter.15}{\376\377\000s\000e\000n\000s\000o\000r\000s\000\040\000o\000n\000\040\000t\000h\000e\000\040\000I\0002\000C\000\040\000b\000u\000s}{}% 46
\BOOKMARK [0][-]{chapter.16}{\376\377\000c\000o\000n\000f\000i\000g\000u\000r\000i\000n\000g\000\040\000I\0002\000C}{}% 47
\BOOKMARK [1][-]{section.16.1}{\376\377\000b\000o\000a\000r\000d\000\040\000l\000e\000v\000e\000l\000\040\000d\000e\000f\000i\000n\000i\000t\000i\000o\000n\000s}{chapter.16}% 48
\BOOKMARK [1][-]{section.16.2}{\376\377\000d\000e\000v\000e\000l\000o\000p\000m\000e\000n\000t\000\040\000t\000r\000a\000j\000e\000c\000t\000o\000r\000y}{chapter.16}% 49
\BOOKMARK [1][-]{section.16.3}{\376\377\000d\000e\000f\000i\000n\000i\000n\000g\000\040\000a\000n\000\040\000I\0002\000C\000\040\000s\000e\000n\000s\000o\000r}{chapter.16}% 50
\BOOKMARK [1][-]{section.16.4}{\376\377\000c\000o\000m\000p\000i\000l\000i\000n\000g\000\040\000t\000h\000e\000\040\000s\000a\000m\000p\000l\000e}{chapter.16}% 51
\BOOKMARK [0][-]{chapter.17}{\376\377\000D\000r\000i\000v\000e\000r\000s}{}% 52
\BOOKMARK [0][-]{chapter.18}{\376\377\000S\000a\000m\000p\000l\000e\000s\000\040\000a\000n\000d\000\040\000D\000e\000m\000o\000s}{}% 53
\BOOKMARK [1][-]{section.18.1}{\376\377\000B\000a\000s\000i\000c\000\040\000S\000a\000m\000p\000l\000e\000s}{chapter.18}% 54
\BOOKMARK [1][-]{section.18.2}{\376\377\000S\000e\000n\000s\000o\000r\000\040\000S\000a\000m\000p\000l\000e\000s}{chapter.18}% 55
\BOOKMARK [1][-]{section.18.3}{\376\377\000D\000r\000i\000v\000e\000r\000\040\000S\000a\000m\000p\000l\000e\000s}{chapter.18}% 56
\BOOKMARK [1][-]{section.18.4}{\376\377\000D\000i\000s\000p\000l\000a\000y\000\040\000S\000a\000m\000p\000l\000e\000s}{chapter.18}% 57
\BOOKMARK [1][-]{section.18.5}{\376\377\000G\000U\000I\000\040\000S\000a\000m\000p\000l\000e\000s}{chapter.18}% 58
\BOOKMARK [0][-]{chapter.19}{\376\377\000M\000e\000n\000u\000c\000o\000n\000f\000i\000g}{}% 59
\BOOKMARK [1][-]{section.19.1}{\376\377\000Z\000e\000p\000h\000y\000r\000\040\000i\000s\000\040\000l\000i\000k\000e\000\040\000l\000i\000n\000u\000x}{chapter.19}% 60
\BOOKMARK [0][-]{chapter.20}{\376\377\000h\000a\000c\000k\000i\000n\000g\000\040\000t\000h\000e\000\040\000p\000i\000n\000e\000t\000i\000m\000e\000\040\000s\000m\000a\000r\000t\000w\000a\000t\000c\000h}{}% 61
\BOOKMARK [0][-]{chapter.21}{\376\377\000d\000e\000b\000u\000g\000g\000i\000n\000g\000\040\000t\000h\000e\000\040\000p\000i\000n\000e\000t\000i\000m\000e\000\040\000s\000m\000a\000r\000t\000w\000a\000t\000c\000h}{}% 62
\BOOKMARK [0][-]{chapter.22}{\376\377\000T\000r\000o\000u\000b\000l\000e\000s\000h\000o\000o\000t\000i\000n\000g\000\040\000d\000r\000i\000v\000e\000r\000s}{}% 63
\BOOKMARK [1][-]{section.22.1}{\376\377\000O\000v\000e\000r\000v\000i\000e\000w}{chapter.22}% 64
\BOOKMARK [1][-]{section.22.2}{\376\377\000E\000x\000a\000m\000p\000l\000e}{chapter.22}% 65
\BOOKMARK [1][-]{section.22.3}{\376\377\000R\000e\000q\000u\000i\000r\000e\000m\000e\000n\000t\000s}{chapter.22}% 66
\BOOKMARK [0][-]{chapter.23}{\376\377\000s\000c\000a\000n\000n\000i\000n\000g\000\040\000t\000h\000e\000\040\000I\0002\000C\000\137\0001\000\040\000p\000o\000r\000t}{}% 67
\BOOKMARK [1][-]{section.23.1}{\376\377\000B\000u\000i\000l\000d\000i\000n\000g\000\040\000a\000n\000d\000\040\000R\000u\000n\000n\000i\000n\000g}{chapter.23}% 68
\BOOKMARK [0][-]{chapter.24}{\376\377\000h\000o\000w\000t\000o\000\040\000f\000l\000a\000s\000h\000\040\000y\000o\000u\000r\000\040\000z\000e\000p\000h\000y\000r\000\040\000i\000m\000a\000g\000e}{}% 69
\BOOKMARK [0][-]{chapter.25}{\376\377\000h\000o\000w\000t\000o\000\040\000g\000e\000n\000e\000r\000a\000t\000e\000\040\000p\000d\000f\000\040\000d\000o\000c\000u\000m\000e\000n\000t\000s}{}% 70
\BOOKMARK [0][-]{chapter.26}{\376\377\000A\000b\000o\000u\000t}{}% 71
\BOOKMARK [1][-]{section.26.1}{\376\377\000T\000o\000d\000o}{chapter.26}% 72
\BOOKMARK [1][-]{section.26.2}{\376\377\000F\000a\000s\000t\000\040\000t\000r\000a\000c\000k}{chapter.26}% 73
